<?xml version="1.0" encoding="UTF-8"?>
<testng-results skipped="0" failed="0" ignored="0" total="1" passed="1">
  <reporter-output>
  </reporter-output>
  <suite name="Default suite" duration-ms="1414" started-at="2021-10-19T07:07:39 BST" finished-at="2021-10-19T07:07:40 BST">
    <groups>
    </groups>
    <test name="Default test" duration-ms="1414" started-at="2021-10-19T07:07:39 BST" finished-at="2021-10-19T07:07:40 BST">
      <class name="restAssuredTest.weatherAPI.GetRequest">
        <test-method status="PASS" signature="getWeatherAPI()[pri:0, instance:restAssuredTest.weatherAPI.GetRequest@57e1b0c]" name="getWeatherAPI" duration-ms="1381" started-at="2021-10-19T07:07:39 BST" finished-at="2021-10-19T07:07:40 BST">
          <reporter-output>
          </reporter-output>
        </test-method> <!-- getWeatherAPI -->
      </class> <!-- restAssuredTest.weatherAPI.GetRequest -->
    </test> <!-- Default test -->
  </suite> <!-- Default suite -->
</testng-results>
